<?xml version="1.0" encoding="UTF-8"?>
<testsuite name="org.springframework.cloud.gcp.data.datastore.it.DatastoreIntegrationTests" tests="0" skipped="0" failures="0" errors="0" timestamp="1970-01-01T00:00:00" hostname="fedora-x1carbon" time="0.0">
  <properties/>
  <system-out><![CDATA[18:26:25.820 [Test worker] DEBUG org.springframework.test.context.junit4.SpringJUnit4ClassRunner - SpringJUnit4ClassRunner constructor called with [class org.springframework.cloud.gcp.data.datastore.it.DatastoreIntegrationTests]
18:26:25.830 [Test worker] DEBUG org.springframework.test.context.BootstrapUtils - Instantiating CacheAwareContextLoaderDelegate from class [org.springframework.test.context.cache.DefaultCacheAwareContextLoaderDelegate]
18:26:25.835 [Test worker] DEBUG org.springframework.test.context.BootstrapUtils - Instantiating BootstrapContext using constructor [public org.springframework.test.context.support.DefaultBootstrapContext(java.lang.Class,org.springframework.test.context.CacheAwareContextLoaderDelegate)]
18:26:25.838 [Test worker] DEBUG org.springframework.test.context.BootstrapUtils - Instantiating TestContextBootstrapper for test class [org.springframework.cloud.gcp.data.datastore.it.DatastoreIntegrationTests] from class [org.springframework.test.context.support.DefaultTestContextBootstrapper]
18:26:25.861 [Test worker] DEBUG org.springframework.test.context.support.AbstractDelegatingSmartContextLoader - Delegating to AnnotationConfigContextLoader to process context configuration [ContextConfigurationAttributes@3a183a31 declaringClass = 'org.springframework.cloud.gcp.data.datastore.it.DatastoreIntegrationTests', classes = '{class org.springframework.cloud.gcp.data.datastore.it.DatastoreIntegrationTestConfiguration}', locations = '{}', inheritLocations = true, initializers = '{}', inheritInitializers = true, name = [null], contextLoaderClass = 'org.springframework.test.context.ContextLoader'].
18:26:25.888 [Test worker] DEBUG org.springframework.test.context.support.ActiveProfilesUtils - Could not find an 'annotation declaring class' for annotation type [org.springframework.test.context.ActiveProfiles] and class [org.springframework.cloud.gcp.data.datastore.it.DatastoreIntegrationTests]
18:26:25.889 [Test worker] DEBUG org.springframework.test.context.support.DefaultTestContextBootstrapper - @TestExecutionListeners is not present for class [org.springframework.cloud.gcp.data.datastore.it.DatastoreIntegrationTests]: using defaults.
18:26:25.889 [Test worker] INFO org.springframework.test.context.support.DefaultTestContextBootstrapper - Loaded default TestExecutionListener class names from location [META-INF/spring.factories]: [org.springframework.boot.test.autoconfigure.restdocs.RestDocsTestExecutionListener, org.springframework.boot.test.autoconfigure.web.client.MockRestServiceServerResetTestExecutionListener, org.springframework.boot.test.autoconfigure.web.servlet.MockMvcPrintOnlyOnFailureTestExecutionListener, org.springframework.boot.test.autoconfigure.web.servlet.WebDriverTestExecutionListener, org.springframework.test.context.web.ServletTestExecutionListener, org.springframework.test.context.support.DirtiesContextBeforeModesTestExecutionListener, org.springframework.test.context.support.DependencyInjectionTestExecutionListener, org.springframework.test.context.support.DirtiesContextTestExecutionListener, org.springframework.test.context.transaction.TransactionalTestExecutionListener, org.springframework.test.context.jdbc.SqlScriptsTestExecutionListener, org.springframework.boot.test.mock.mockito.MockitoTestExecutionListener, org.springframework.boot.test.mock.mockito.ResetMocksTestExecutionListener]
18:26:25.893 [Test worker] DEBUG org.springframework.test.context.support.DefaultTestContextBootstrapper - Skipping candidate TestExecutionListener [org.springframework.test.context.web.ServletTestExecutionListener] due to a missing dependency. Specify custom listener classes or make the default listener classes and their required dependencies available. Offending class: [javax/servlet/ServletContext]
18:26:25.899 [Test worker] INFO org.springframework.test.context.support.DefaultTestContextBootstrapper - Using TestExecutionListeners: [org.springframework.test.context.support.DirtiesContextBeforeModesTestExecutionListener@27a8fc86, org.springframework.boot.test.mock.mockito.MockitoTestExecutionListener@3bc05d5d, org.springframework.test.context.support.DependencyInjectionTestExecutionListener@575be142, org.springframework.test.context.support.DirtiesContextTestExecutionListener@2690ce35, org.springframework.test.context.transaction.TransactionalTestExecutionListener@46bc5aad, org.springframework.test.context.jdbc.SqlScriptsTestExecutionListener@7fafdd92, org.springframework.boot.test.autoconfigure.restdocs.RestDocsTestExecutionListener@777662d4, org.springframework.boot.test.autoconfigure.web.client.MockRestServiceServerResetTestExecutionListener@57b7eb69, org.springframework.boot.test.autoconfigure.web.servlet.MockMvcPrintOnlyOnFailureTestExecutionListener@73faba00, org.springframework.boot.test.autoconfigure.web.servlet.WebDriverTestExecutionListener@7238baa0, org.springframework.boot.test.mock.mockito.ResetMocksTestExecutionListener@369c06f1]
18:26:25.901 [Test worker] DEBUG org.springframework.test.annotation.ProfileValueUtils - Retrieved @ProfileValueSourceConfiguration [null] for test class [org.springframework.cloud.gcp.data.datastore.it.DatastoreIntegrationTests]
18:26:25.901 [Test worker] DEBUG org.springframework.test.annotation.ProfileValueUtils - Retrieved ProfileValueSource type [class org.springframework.test.annotation.SystemProfileValueSource] for class [org.springframework.cloud.gcp.data.datastore.it.DatastoreIntegrationTests]
18:26:25.901 [Test worker] DEBUG org.springframework.test.annotation.ProfileValueUtils - Retrieved @ProfileValueSourceConfiguration [null] for test class [org.springframework.cloud.gcp.data.datastore.it.DatastoreIntegrationTests]
18:26:25.901 [Test worker] DEBUG org.springframework.test.annotation.ProfileValueUtils - Retrieved ProfileValueSource type [class org.springframework.test.annotation.SystemProfileValueSource] for class [org.springframework.cloud.gcp.data.datastore.it.DatastoreIntegrationTests]
18:26:25.903 [Test worker] DEBUG org.springframework.test.context.support.AbstractDirtiesContextTestExecutionListener - Before test class: context [DefaultTestContext@14d388c6 testClass = DatastoreIntegrationTests, testInstance = [null], testMethod = [null], testException = [null], mergedContextConfiguration = [MergedContextConfiguration@6d68a0ac testClass = DatastoreIntegrationTests, locations = '{}', classes = '{class org.springframework.cloud.gcp.data.datastore.it.DatastoreIntegrationTestConfiguration}', contextInitializerClasses = '[]', activeProfiles = '{}', propertySourceLocations = '{}', propertySourceProperties = '{}', contextCustomizers = set[org.springframework.boot.test.autoconfigure.properties.PropertyMappingContextCustomizer@0, org.springframework.boot.test.autoconfigure.web.servlet.WebDriverContextCustomizerFactory$Customizer@cfe6e39, org.springframework.boot.test.context.filter.ExcludeFilterContextCustomizer@e68a689, org.springframework.boot.test.json.DuplicateJsonObjectContextCustomizerFactory$DuplicateJsonObjectContextCustomizer@5db58bc5, org.springframework.boot.test.mock.mockito.MockitoContextCustomizer@0], contextLoader = 'org.springframework.test.context.support.DelegatingSmartContextLoader', parent = [null]], attributes = map[[empty]]], class annotated with @DirtiesContext [false] with mode [null].
18:26:25.904 [Test worker] DEBUG org.springframework.test.context.support.AbstractDirtiesContextTestExecutionListener - After test class: context [DefaultTestContext@14d388c6 testClass = DatastoreIntegrationTests, testInstance = [null], testMethod = [null], testException = [null], mergedContextConfiguration = [MergedContextConfiguration@6d68a0ac testClass = DatastoreIntegrationTests, locations = '{}', classes = '{class org.springframework.cloud.gcp.data.datastore.it.DatastoreIntegrationTestConfiguration}', contextInitializerClasses = '[]', activeProfiles = '{}', propertySourceLocations = '{}', propertySourceProperties = '{}', contextCustomizers = set[org.springframework.boot.test.autoconfigure.properties.PropertyMappingContextCustomizer@0, org.springframework.boot.test.autoconfigure.web.servlet.WebDriverContextCustomizerFactory$Customizer@cfe6e39, org.springframework.boot.test.context.filter.ExcludeFilterContextCustomizer@e68a689, org.springframework.boot.test.json.DuplicateJsonObjectContextCustomizerFactory$DuplicateJsonObjectContextCustomizer@5db58bc5, org.springframework.boot.test.mock.mockito.MockitoContextCustomizer@0], contextLoader = 'org.springframework.test.context.support.DelegatingSmartContextLoader', parent = [null]], attributes = map[[empty]]], class annotated with @DirtiesContext [false] with mode [null].
]]></system-out>
  <system-err><![CDATA[]]></system-err>
</testsuite>
