<?xml version="1.0" encoding="UTF-8"?>
<testsuite name="org.springframework.cloud.gcp.data.datastore.core.mapping.DatastorePersistentEntityImplTests" tests="9" skipped="0" failures="0" errors="0" timestamp="2018-09-18T23:26:25" hostname="fedora-x1carbon" time="0.177">
  <properties/>
  <testcase name="testRawTableName" classname="org.springframework.cloud.gcp.data.datastore.core.mapping.DatastorePersistentEntityImplTests" time="0.004"/>
  <testcase name="testTableName" classname="org.springframework.cloud.gcp.data.datastore.core.mapping.DatastorePersistentEntityImplTests" time="0.002"/>
  <testcase name="testEmptyCustomTableName" classname="org.springframework.cloud.gcp.data.datastore.core.mapping.DatastorePersistentEntityImplTests" time="0.0"/>
  <testcase name="testIgnoredProperty" classname="org.springframework.cloud.gcp.data.datastore.core.mapping.DatastorePersistentEntityImplTests" time="0.01"/>
  <testcase name="testExpressionResolutionWithoutApplicationContext" classname="org.springframework.cloud.gcp.data.datastore.core.mapping.DatastorePersistentEntityImplTests" time="0.039"/>
  <testcase name="testGetIdPropertyOrFail" classname="org.springframework.cloud.gcp.data.datastore.core.mapping.DatastorePersistentEntityImplTests" time="0.003"/>
  <testcase name="testHasNoIdProperty" classname="org.springframework.cloud.gcp.data.datastore.core.mapping.DatastorePersistentEntityImplTests" time="0.001"/>
  <testcase name="testExpressionResolutionFromApplicationContext" classname="org.springframework.cloud.gcp.data.datastore.core.mapping.DatastorePersistentEntityImplTests" time="0.116"/>
  <testcase name="testHasIdProperty" classname="org.springframework.cloud.gcp.data.datastore.core.mapping.DatastorePersistentEntityImplTests" time="0.001"/>
  <system-out><![CDATA[]]></system-out>
  <system-err><![CDATA[]]></system-err>
</testsuite>
