<?xml version="1.0" encoding="UTF-8"?>
<testsuite name="org.springframework.cloud.gcp.data.datastore.core.convert.DatastoreServiceObjectToKeyFactoryTests" tests="8" skipped="0" failures="0" errors="0" timestamp="2018-09-18T23:26:24" hostname="fedora-x1carbon" time="0.32">
  <properties/>
  <testcase name="allocateIdForObjectTest" classname="org.springframework.cloud.gcp.data.datastore.core.convert.DatastoreServiceObjectToKeyFactoryTests" time="0.302"/>
  <testcase name="getKeyFromIdStringTest" classname="org.springframework.cloud.gcp.data.datastore.core.convert.DatastoreServiceObjectToKeyFactoryTests" time="0.004"/>
  <testcase name="getKeyNoIdTest" classname="org.springframework.cloud.gcp.data.datastore.core.convert.DatastoreServiceObjectToKeyFactoryTests" time="0.003"/>
  <testcase name="getKeyFromIdExceptionTest" classname="org.springframework.cloud.gcp.data.datastore.core.convert.DatastoreServiceObjectToKeyFactoryTests" time="0.0"/>
  <testcase name="getKeyTest" classname="org.springframework.cloud.gcp.data.datastore.core.convert.DatastoreServiceObjectToKeyFactoryTests" time="0.005"/>
  <testcase name="getKeyFromIdLongTest" classname="org.springframework.cloud.gcp.data.datastore.core.convert.DatastoreServiceObjectToKeyFactoryTests" time="0.0"/>
  <testcase name="nullIdTest" classname="org.springframework.cloud.gcp.data.datastore.core.convert.DatastoreServiceObjectToKeyFactoryTests" time="0.004"/>
  <testcase name="getKeyFromIdKeyTest" classname="org.springframework.cloud.gcp.data.datastore.core.convert.DatastoreServiceObjectToKeyFactoryTests" time="0.001"/>
  <system-out><![CDATA[]]></system-out>
  <system-err><![CDATA[]]></system-err>
</testsuite>
