<?xml version="1.0" encoding="UTF-8"?>
<testsuite name="org.springframework.cloud.gcp.data.datastore.core.mapping.DatastorePersistentPropertyImplTests" tests="4" skipped="0" failures="0" errors="0" timestamp="2018-09-18T23:26:25" hostname="fedora-x1carbon" time="0.023">
  <properties/>
  <testcase name="testAssociations" classname="org.springframework.cloud.gcp.data.datastore.core.mapping.DatastorePersistentPropertyImplTests" time="0.014"/>
  <testcase name="embeddedReferenceAnnotatedTest" classname="org.springframework.cloud.gcp.data.datastore.core.mapping.DatastorePersistentPropertyImplTests" time="0.002"/>
  <testcase name="untypedListPropertyTest" classname="org.springframework.cloud.gcp.data.datastore.core.mapping.DatastorePersistentPropertyImplTests" time="0.004"/>
  <testcase name="propertiesTest" classname="org.springframework.cloud.gcp.data.datastore.core.mapping.DatastorePersistentPropertyImplTests" time="0.003"/>
  <system-out><![CDATA[]]></system-out>
  <system-err><![CDATA[]]></system-err>
</testsuite>
