<?xml version="1.0" encoding="UTF-8"?>
<testsuite name="org.springframework.cloud.gcp.data.datastore.repository.support.DatastoreRepositoryFactoryTests" tests="4" skipped="0" failures="0" errors="0" timestamp="2018-09-18T23:26:25" hostname="fedora-x1carbon" time="0.095">
  <properties/>
  <testcase name="getEntityInformationTest" classname="org.springframework.cloud.gcp.data.datastore.repository.support.DatastoreRepositoryFactoryTests" time="0.006"/>
  <testcase name="getEntityInformationNotAvailableTest" classname="org.springframework.cloud.gcp.data.datastore.repository.support.DatastoreRepositoryFactoryTests" time="0.071"/>
  <testcase name="getTargetRepositoryTest" classname="org.springframework.cloud.gcp.data.datastore.repository.support.DatastoreRepositoryFactoryTests" time="0.018"/>
  <testcase name="getRepositoryBaseClassTest" classname="org.springframework.cloud.gcp.data.datastore.repository.support.DatastoreRepositoryFactoryTests" time="0.0"/>
  <system-out><![CDATA[]]></system-out>
  <system-err><![CDATA[]]></system-err>
</testsuite>
