<?xml version="1.0" encoding="UTF-8"?>
<testsuite name="org.springframework.cloud.gcp.data.datastore.core.mapping.DatastoreMappingContextTests" tests="2" skipped="0" failures="0" errors="0" timestamp="2018-09-18T23:26:25" hostname="fedora-x1carbon" time="0.167">
  <properties/>
  <testcase name="testApplicationContextIsNotSet" classname="org.springframework.cloud.gcp.data.datastore.core.mapping.DatastoreMappingContextTests" time="0.161"/>
  <testcase name="testApplicationContextPassing" classname="org.springframework.cloud.gcp.data.datastore.core.mapping.DatastoreMappingContextTests" time="0.006"/>
  <system-out><![CDATA[]]></system-out>
  <system-err><![CDATA[]]></system-err>
</testsuite>
