<?xml version="1.0" encoding="UTF-8"?>
<testsuite name="org.springframework.cloud.gcp.data.datastore.repository.query.DatastoreQueryLookupStrategyTests" tests="1" skipped="0" failures="0" errors="0" timestamp="2018-09-18T23:26:26" hostname="fedora-x1carbon" time="0.075">
  <properties/>
  <testcase name="resolveSqlQueryTest" classname="org.springframework.cloud.gcp.data.datastore.repository.query.DatastoreQueryLookupStrategyTests" time="0.075"/>
  <system-out><![CDATA[]]></system-out>
  <system-err><![CDATA[]]></system-err>
</testsuite>
