<?xml version="1.0" encoding="UTF-8"?>
<testsuite name="org.springframework.cloud.gcp.data.datastore.repository.query.GqlDatastoreQueryTests" tests="1" skipped="0" failures="0" errors="0" timestamp="2018-09-18T23:26:26" hostname="fedora-x1carbon" time="0.109">
  <properties/>
  <testcase name="compoundNameConventionTest" classname="org.springframework.cloud.gcp.data.datastore.repository.query.GqlDatastoreQueryTests" time="0.109"/>
  <system-out><![CDATA[]]></system-out>
  <system-err><![CDATA[]]></system-err>
</testsuite>
