<?xml version="1.0" encoding="UTF-8"?>
<testsuite name="org.springframework.cloud.gcp.data.datastore.core.DatastoreTemplateTests" tests="17" skipped="0" failures="0" errors="0" timestamp="2018-09-18T23:26:25" hostname="fedora-x1carbon" time="0.184">
  <properties/>
  <testcase name="saveTest" classname="org.springframework.cloud.gcp.data.datastore.core.DatastoreTemplateTests" time="0.006"/>
  <testcase name="queryKeysTest" classname="org.springframework.cloud.gcp.data.datastore.core.DatastoreTemplateTests" time="0.005"/>
  <testcase name="existsByIdTest" classname="org.springframework.cloud.gcp.data.datastore.core.DatastoreTemplateTests" time="0.056"/>
  <testcase name="queryTest" classname="org.springframework.cloud.gcp.data.datastore.core.DatastoreTemplateTests" time="0.022"/>
  <testcase name="findAllByIdTest" classname="org.springframework.cloud.gcp.data.datastore.core.DatastoreTemplateTests" time="0.004"/>
  <testcase name="deleteAllTest" classname="org.springframework.cloud.gcp.data.datastore.core.DatastoreTemplateTests" time="0.008"/>
  <testcase name="deleteByIdTest" classname="org.springframework.cloud.gcp.data.datastore.core.DatastoreTemplateTests" time="0.001"/>
  <testcase name="deleteMultipleObjectsTest" classname="org.springframework.cloud.gcp.data.datastore.core.DatastoreTemplateTests" time="0.005"/>
  <testcase name="deleteObjectTest" classname="org.springframework.cloud.gcp.data.datastore.core.DatastoreTemplateTests" time="0.008"/>
  <testcase name="findByIdNotFoundTest" classname="org.springframework.cloud.gcp.data.datastore.core.DatastoreTemplateTests" time="0.002"/>
  <testcase name="saveAllTest" classname="org.springframework.cloud.gcp.data.datastore.core.DatastoreTemplateTests" time="0.009"/>
  <testcase name="findAllTest" classname="org.springframework.cloud.gcp.data.datastore.core.DatastoreTemplateTests" time="0.005"/>
  <testcase name="saveAndAllocateIdTest" classname="org.springframework.cloud.gcp.data.datastore.core.DatastoreTemplateTests" time="0.004"/>
  <testcase name="performTransactionTest" classname="org.springframework.cloud.gcp.data.datastore.core.DatastoreTemplateTests" time="0.033"/>
  <testcase name="findByIdTest" classname="org.springframework.cloud.gcp.data.datastore.core.DatastoreTemplateTests" time="0.002"/>
  <testcase name="countTest" classname="org.springframework.cloud.gcp.data.datastore.core.DatastoreTemplateTests" time="0.004"/>
  <testcase name="deleteAllByIdTest" classname="org.springframework.cloud.gcp.data.datastore.core.DatastoreTemplateTests" time="0.002"/>
  <system-out><![CDATA[]]></system-out>
  <system-err><![CDATA[]]></system-err>
</testsuite>
