<?xml version="1.0" encoding="UTF-8"?>
<testsuite name="org.springframework.cloud.gcp.data.datastore.core.convert.DefaultDatastoreEntityConverterTests" tests="18" skipped="0" failures="0" errors="0" timestamp="2018-09-18T23:26:25" hostname="fedora-x1carbon" time="0.203">
  <properties/>
  <testcase name="testObjectEntityException" classname="org.springframework.cloud.gcp.data.datastore.core.convert.DefaultDatastoreEntityConverterTests" time="0.007"/>
  <testcase name="testEmbeddedEntity" classname="org.springframework.cloud.gcp.data.datastore.core.convert.DefaultDatastoreEntityConverterTests" time="0.055"/>
  <testcase name="testWrongTypeReadException" classname="org.springframework.cloud.gcp.data.datastore.core.convert.DefaultDatastoreEntityConverterTests" time="0.016"/>
  <testcase name="writeTest" classname="org.springframework.cloud.gcp.data.datastore.core.convert.DefaultDatastoreEntityConverterTests" time="0.008"/>
  <testcase name="testUnindexedField" classname="org.springframework.cloud.gcp.data.datastore.core.convert.DefaultDatastoreEntityConverterTests" time="0.009"/>
  <testcase name="testCollectionFieldsUnsupportedCollection" classname="org.springframework.cloud.gcp.data.datastore.core.convert.DefaultDatastoreEntityConverterTests" time="0.015"/>
  <testcase name="readTest" classname="org.springframework.cloud.gcp.data.datastore.core.convert.DefaultDatastoreEntityConverterTests" time="0.007"/>
  <testcase name="testCollectionFieldsNulls" classname="org.springframework.cloud.gcp.data.datastore.core.convert.DefaultDatastoreEntityConverterTests" time="0.004"/>
  <testcase name="testWrongTypeReadExceptionList" classname="org.springframework.cloud.gcp.data.datastore.core.convert.DefaultDatastoreEntityConverterTests" time="0.001"/>
  <testcase name="writeNullTest" classname="org.springframework.cloud.gcp.data.datastore.core.convert.DefaultDatastoreEntityConverterTests" time="0.002"/>
  <testcase name="testCollectionFieldsUnsupportedWriteReadException" classname="org.springframework.cloud.gcp.data.datastore.core.convert.DefaultDatastoreEntityConverterTests" time="0.016"/>
  <testcase name="readNullTest" classname="org.springframework.cloud.gcp.data.datastore.core.convert.DefaultDatastoreEntityConverterTests" time="0.002"/>
  <testcase name="testCollectionFields" classname="org.springframework.cloud.gcp.data.datastore.core.convert.DefaultDatastoreEntityConverterTests" time="0.013"/>
  <testcase name="testCollectionFieldsUnsupported" classname="org.springframework.cloud.gcp.data.datastore.core.convert.DefaultDatastoreEntityConverterTests" time="0.009"/>
  <testcase name="testUnsupportedTypeWriteException" classname="org.springframework.cloud.gcp.data.datastore.core.convert.DefaultDatastoreEntityConverterTests" time="0.006"/>
  <testcase name="testUnsupportedTypeWrite" classname="org.springframework.cloud.gcp.data.datastore.core.convert.DefaultDatastoreEntityConverterTests" time="0.01"/>
  <testcase name="testCollectionFieldsUnsupportedWriteOnly" classname="org.springframework.cloud.gcp.data.datastore.core.convert.DefaultDatastoreEntityConverterTests" time="0.009"/>
  <testcase name="testCollectionFieldsUnsupportedWriteRead" classname="org.springframework.cloud.gcp.data.datastore.core.convert.DefaultDatastoreEntityConverterTests" time="0.009"/>
  <system-out><![CDATA[]]></system-out>
  <system-err><![CDATA[]]></system-err>
</testsuite>
