<?xml version="1.0" encoding="UTF-8"?>
<testsuite name="org.springframework.cloud.gcp.data.datastore.repository.support.SimpleDatastoreRepositoryTests" tests="14" skipped="0" failures="0" errors="0" timestamp="2018-09-18T23:26:25" hostname="fedora-x1carbon" time="0.077">
  <properties/>
  <testcase name="saveTest" classname="org.springframework.cloud.gcp.data.datastore.repository.support.SimpleDatastoreRepositoryTests" time="0.001"/>
  <testcase name="existsByIdTest" classname="org.springframework.cloud.gcp.data.datastore.repository.support.SimpleDatastoreRepositoryTests" time="0.0"/>
  <testcase name="findAllByIdTest" classname="org.springframework.cloud.gcp.data.datastore.repository.support.SimpleDatastoreRepositoryTests" time="0.001"/>
  <testcase name="deleteAllTest" classname="org.springframework.cloud.gcp.data.datastore.repository.support.SimpleDatastoreRepositoryTests" time="0.0"/>
  <testcase name="deleteByIdTest" classname="org.springframework.cloud.gcp.data.datastore.repository.support.SimpleDatastoreRepositoryTests" time="0.001"/>
  <testcase name="findAllPagingTest" classname="org.springframework.cloud.gcp.data.datastore.repository.support.SimpleDatastoreRepositoryTests" time="0.019"/>
  <testcase name="saveAllTest" classname="org.springframework.cloud.gcp.data.datastore.repository.support.SimpleDatastoreRepositoryTests" time="0.001"/>
  <testcase name="deleteAllClassTest" classname="org.springframework.cloud.gcp.data.datastore.repository.support.SimpleDatastoreRepositoryTests" time="0.001"/>
  <testcase name="findAllTest" classname="org.springframework.cloud.gcp.data.datastore.repository.support.SimpleDatastoreRepositoryTests" time="0.0"/>
  <testcase name="runTransactionCallableTest" classname="org.springframework.cloud.gcp.data.datastore.repository.support.SimpleDatastoreRepositoryTests" time="0.001"/>
  <testcase name="findByIdTest" classname="org.springframework.cloud.gcp.data.datastore.repository.support.SimpleDatastoreRepositoryTests" time="0.001"/>
  <testcase name="countTest" classname="org.springframework.cloud.gcp.data.datastore.repository.support.SimpleDatastoreRepositoryTests" time="0.001"/>
  <testcase name="findAllSortingTest" classname="org.springframework.cloud.gcp.data.datastore.repository.support.SimpleDatastoreRepositoryTests" time="0.048"/>
  <testcase name="deleteTest" classname="org.springframework.cloud.gcp.data.datastore.repository.support.SimpleDatastoreRepositoryTests" time="0.0"/>
  <system-out><![CDATA[]]></system-out>
  <system-err><![CDATA[]]></system-err>
</testsuite>
