<?xml version="1.0" encoding="UTF-8"?>
<testsuite name="org.springframework.cloud.gcp.data.datastore.repository.support.DatastoreRepositoryFactoryBeanTests" tests="1" skipped="0" failures="0" errors="0" timestamp="2018-09-18T23:26:25" hostname="fedora-x1carbon" time="0.007">
  <properties/>
  <testcase name="createRepositoryFactoryTest" classname="org.springframework.cloud.gcp.data.datastore.repository.support.DatastoreRepositoryFactoryBeanTests" time="0.007"/>
  <system-out><![CDATA[]]></system-out>
  <system-err><![CDATA[]]></system-err>
</testsuite>
